2020-10-16T02:04:23.667491+00:00 app[api]: Initial release by user itzsena16@gmail.com
2020-10-16T02:04:23.667491+00:00 app[api]: Release v1 created by user itzsena16@gmail.com
2020-10-16T02:04:23.789047+00:00 app[api]: Enable Logplex by user itzsena16@gmail.com
2020-10-16T02:04:23.789047+00:00 app[api]: Release v2 created by user itzsena16@gmail.com
2020-10-16T02:04:39.000000+00:00 app[api]: Build started by user itzsena16@gmail.com
2020-10-16T02:05:03.223280+00:00 app[api]: Release v3 created by user itzsena16@gmail.com
2020-10-16T02:05:03.223280+00:00 app[api]: Deploy 3cf7714a by user itzsena16@gmail.com
2020-10-16T02:05:03.236090+00:00 app[api]: Scaled to web@1:Free by user itzsena16@gmail.com
2020-10-16T02:05:06.858726+00:00 heroku[web.1]: Starting process with command `python msg.py`
2020-10-16T02:05:10.042954+00:00 app[web.1]: python: can't open file 'msg.py': [Errno 2] No such file or directory
2020-10-16T02:05:10.095842+00:00 heroku[web.1]: Process exited with status 2
2020-10-16T02:05:10.138847+00:00 heroku[web.1]: State changed from starting to crashed
2020-10-16T02:05:10.141458+00:00 heroku[web.1]: State changed from crashed to starting
2020-10-16T02:05:12.000000+00:00 app[api]: Build succeeded
2020-10-16T02:05:14.858609+00:00 heroku[web.1]: Starting process with command `python msg.py`
2020-10-16T02:05:17.986668+00:00 app[web.1]: python: can't open file 'msg.py': [Errno 2] No such file or directory
2020-10-16T02:05:18.038355+00:00 heroku[web.1]: Process exited with status 2
2020-10-16T02:05:18.077225+00:00 heroku[web.1]: State changed from starting to crashed
2020-10-16T02:05:47.685286+00:00 heroku[router]: at=error code=H10 desc="App crashed" method=GET path="/" host=acprimosv2.herokuapp.com request_id=35ef3b19-89a5-462c-9e9c-6c254d7e04f0 fwd="186.220.38.123" dyno= connect= service= status=503 bytes= protocol=https
2020-10-16T02:05:48.175572+00:00 heroku[router]: at=error code=H10 desc="App crashed" method=GET path="/favicon.ico" host=acprimosv2.herokuapp.com request_id=b2bb911e-ff98-4fc3-a25c-ea6c4b15d86b fwd="186.220.38.123" dyno= connect= service= status=503 bytes= protocol=https
